<?xml version="1.0" encoding="UTF-8"?>
<!-- Generated by org.testng.reporters.JUnitReportReporter -->
<testsuite hostname="USER-PC" name="com.selenium.testcases.AppTest" tests="1" failures="0" timestamp="1 Sep 2018 19:34:22 GMT" time="14.842" errors="0">
  <testcase name="TestCase1" time="14.842" classname="com.selenium.testcases.AppTest"/>
</testsuite> <!-- com.selenium.testcases.AppTest -->
