<?xml version="1.0" encoding="UTF-8"?>
<!-- Generated by org.testng.reporters.JUnitReportReporter -->
<testsuite hostname="USER-PC" name="com.selenium.testcases.UseCase_01" tests="1" failures="0" timestamp="24 Sep 2018 18:11:09 GMT" time="0.312" errors="0">
  <testcase name="Case_01" time="0.312" classname="com.selenium.testcases.UseCase_01"/>
</testsuite> <!-- com.selenium.testcases.UseCase_01 -->
